mode: set
github.com/ably/ably-go/ably/proto/error.go:14.32,16.2 1 0
github.com/ably/ably-go/ably/proto/message.go:35.55,38.2 2 0
github.com/ably/ably-go/ably/proto/message.go:40.43,41.23 1 1
github.com/ably/ably-go/ably/proto/message.go:59.2,62.81 2 1
github.com/ably/ably-go/ably/proto/message.go:70.2,70.12 1 1
github.com/ably/ably-go/ably/proto/message.go:42.22,44.17 2 1
github.com/ably/ably-go/ably/proto/message.go:47.3,49.13 3 1
github.com/ably/ably-go/ably/proto/message.go:50.30,52.17 2 1
github.com/ably/ably-go/ably/proto/message.go:55.3,57.13 3 1
github.com/ably/ably-go/ably/proto/message.go:44.17,46.4 1 0
github.com/ably/ably-go/ably/proto/message.go:52.17,54.4 1 0
github.com/ably/ably-go/ably/proto/message.go:62.81,64.17 2 1
github.com/ably/ably-go/ably/proto/message.go:67.3,68.47 2 1
github.com/ably/ably-go/ably/proto/message.go:64.17,66.4 1 0
github.com/ably/ably-go/ably/proto/message.go:73.35,74.29 1 1
github.com/ably/ably-go/ably/proto/message.go:78.2,78.14 1 1
github.com/ably/ably-go/ably/proto/message.go:74.29,77.3 2 1
github.com/ably/ably-go/ably/proto/message.go:81.44,83.16 2 1
github.com/ably/ably-go/ably/proto/message.go:86.2,86.23 1 1
github.com/ably/ably-go/ably/proto/message.go:96.2,96.29 1 1
github.com/ably/ably-go/ably/proto/message.go:113.2,113.15 1 1
github.com/ably/ably-go/ably/proto/message.go:83.16,85.3 1 0
github.com/ably/ably-go/ably/proto/message.go:87.14,88.20 1 1
github.com/ably/ably-go/ably/proto/message.go:91.14,91.14 0 1
github.com/ably/ably-go/ably/proto/message.go:93.10,94.59 1 0
github.com/ably/ably-go/ably/proto/message.go:88.20,90.4 1 1
github.com/ably/ably-go/ably/proto/message.go:96.29,97.47 1 1
github.com/ably/ably-go/ably/proto/message.go:97.47,101.18 2 1
github.com/ably/ably-go/ably/proto/message.go:104.4,105.18 2 1
github.com/ably/ably-go/ably/proto/message.go:108.4,109.65 2 1
github.com/ably/ably-go/ably/proto/message.go:101.18,103.5 1 0
github.com/ably/ably-go/ably/proto/message.go:105.18,107.5 1 0
github.com/ably/ably-go/ably/proto/message.go:116.48,118.16 2 1
github.com/ably/ably-go/ably/proto/message.go:121.2,121.34 1 1
github.com/ably/ably-go/ably/proto/message.go:126.2,126.15 1 1
github.com/ably/ably-go/ably/proto/message.go:118.16,120.3 1 0
github.com/ably/ably-go/ably/proto/message.go:121.34,125.3 3 1
github.com/ably/ably-go/ably/proto/message.go:129.50,130.23 1 1
github.com/ably/ably-go/ably/proto/message.go:131.14,132.24 1 1
github.com/ably/ably-go/ably/proto/message.go:133.14,134.16 1 1
github.com/ably/ably-go/ably/proto/message.go:135.10,136.95 1 0
github.com/ably/ably-go/ably/proto/message.go:140.49,141.23 1 1
github.com/ably/ably-go/ably/proto/message.go:142.14,143.16 1 1
github.com/ably/ably-go/ably/proto/message.go:144.14,145.24 1 1
github.com/ably/ably-go/ably/proto/message.go:146.10,147.99 1 0
github.com/ably/ably-go/ably/proto/message.go:151.49,153.16 2 1
github.com/ably/ably-go/ably/proto/message.go:156.2,156.22 1 1
github.com/ably/ably-go/ably/proto/message.go:159.2,159.26 1 1
github.com/ably/ably-go/ably/proto/message.go:162.2,162.18 1 1
github.com/ably/ably-go/ably/proto/message.go:165.2,166.19 2 1
github.com/ably/ably-go/ably/proto/message.go:169.2,169.20 1 1
github.com/ably/ably-go/ably/proto/message.go:172.2,172.22 1 1
github.com/ably/ably-go/ably/proto/message.go:175.2,175.21 1 1
github.com/ably/ably-go/ably/proto/message.go:178.2,178.12 1 1
github.com/ably/ably-go/ably/proto/message.go:153.16,155.3 1 0
github.com/ably/ably-go/ably/proto/message.go:156.22,158.3 1 0
github.com/ably/ably-go/ably/proto/message.go:159.26,161.3 1 0
github.com/ably/ably-go/ably/proto/message.go:162.18,164.3 1 0
github.com/ably/ably-go/ably/proto/message.go:166.19,168.3 1 1
github.com/ably/ably-go/ably/proto/message.go:169.20,171.3 1 1
github.com/ably/ably-go/ably/proto/message.go:172.22,174.3 1 0
github.com/ably/ably-go/ably/proto/message.go:175.21,177.3 1 0
github.com/ably/ably-go/ably/proto/message.go:181.48,183.16 2 1
github.com/ably/ably-go/ably/proto/message.go:186.2,186.32 1 1
github.com/ably/ably-go/ably/proto/message.go:183.16,185.3 1 0
github.com/ably/ably-go/ably/proto/message.go:189.52,191.51 2 1
github.com/ably/ably-go/ably/proto/message.go:194.2,194.23 1 1
github.com/ably/ably-go/ably/proto/message.go:191.51,193.3 1 0
github.com/ably/ably-go/ably/proto/message.go:197.58,199.16 2 0
github.com/ably/ably-go/ably/proto/message.go:202.2,202.31 1 0
github.com/ably/ably-go/ably/proto/message.go:199.16,200.13 1 0
github.com/ably/ably-go/ably/proto/message.go:206.59,210.2 3 0
github.com/ably/ably-go/ably/proto/message.go:212.61,213.28 1 1
github.com/ably/ably-go/ably/proto/message.go:220.2,220.34 1 1
github.com/ably/ably-go/ably/proto/message.go:227.2,227.38 1 1
github.com/ably/ably-go/ably/proto/message.go:234.2,234.30 1 1
github.com/ably/ably-go/ably/proto/message.go:241.2,241.34 1 1
github.com/ably/ably-go/ably/proto/message.go:248.2,248.30 1 1
github.com/ably/ably-go/ably/proto/message.go:256.2,256.35 1 1
github.com/ably/ably-go/ably/proto/message.go:266.2,266.32 1 1
github.com/ably/ably-go/ably/proto/message.go:269.2,269.12 1 1
github.com/ably/ably-go/ably/proto/message.go:213.28,215.17 2 0
github.com/ably/ably-go/ably/proto/message.go:218.3,218.19 1 0
github.com/ably/ably-go/ably/proto/message.go:215.17,217.4 1 0
github.com/ably/ably-go/ably/proto/message.go:220.34,222.17 2 0
github.com/ably/ably-go/ably/proto/message.go:225.3,225.25 1 0
github.com/ably/ably-go/ably/proto/message.go:222.17,224.4 1 0
github.com/ably/ably-go/ably/proto/message.go:227.38,229.17 2 0
github.com/ably/ably-go/ably/proto/message.go:232.3,232.29 1 0
github.com/ably/ably-go/ably/proto/message.go:229.17,231.4 1 0
github.com/ably/ably-go/ably/proto/message.go:234.30,236.17 2 0
github.com/ably/ably-go/ably/proto/message.go:239.3,239.21 1 0
github.com/ably/ably-go/ably/proto/message.go:236.17,238.4 1 0
github.com/ably/ably-go/ably/proto/message.go:241.34,243.17 2 1
github.com/ably/ably-go/ably/proto/message.go:246.3,246.25 1 1
github.com/ably/ably-go/ably/proto/message.go:243.17,245.4 1 0
github.com/ably/ably-go/ably/proto/message.go:248.30,251.17 3 1
github.com/ably/ably-go/ably/proto/message.go:254.3,254.11 1 1
github.com/ably/ably-go/ably/proto/message.go:251.17,253.4 1 0
github.com/ably/ably-go/ably/proto/message.go:256.35,257.24 1 0
github.com/ably/ably-go/ably/proto/message.go:258.16,259.26 1 0
github.com/ably/ably-go/ably/proto/message.go:260.15,261.26 1 0
github.com/ably/ably-go/ably/proto/message.go:262.14,263.19 1 0
github.com/ably/ably-go/ably/proto/message.go:266.32,268.3 1 0
github.com/ably/ably-go/ably/proto/message.go:273.38,275.2 1 0
github.com/ably/ably-go/ably/proto/message.go:291.49,293.16 2 1
github.com/ably/ably-go/ably/proto/message.go:297.2,298.16 2 1
github.com/ably/ably-go/ably/proto/message.go:301.2,301.26 1 1
github.com/ably/ably-go/ably/proto/message.go:293.16,295.3 1 0
github.com/ably/ably-go/ably/proto/message.go:298.16,300.3 1 0
github.com/ably/ably-go/ably/proto/message.go:304.44,306.39 1 1
github.com/ably/ably-go/ably/proto/message.go:309.2,310.43 2 1
github.com/ably/ably-go/ably/proto/message.go:352.2,352.15 1 1
github.com/ably/ably-go/ably/proto/message.go:306.39,308.3 1 0
github.com/ably/ably-go/ably/proto/message.go:310.43,311.23 1 1
github.com/ably/ably-go/ably/proto/message.go:312.15,314.18 2 1
github.com/ably/ably-go/ably/proto/message.go:317.4,318.18 2 1
github.com/ably/ably-go/ably/proto/message.go:321.4,321.17 1 1
github.com/ably/ably-go/ably/proto/message.go:322.13,324.18 2 1
github.com/ably/ably-go/ably/proto/message.go:327.4,327.14 1 1
github.com/ably/ably-go/ably/proto/message.go:328.13,330.18 2 1
github.com/ably/ably-go/ably/proto/message.go:333.4,334.53 2 1
github.com/ably/ably-go/ably/proto/message.go:337.4,337.19 1 1
github.com/ably/ably-go/ably/proto/message.go:338.11,339.11 1 1
github.com/ably/ably-go/ably/proto/message.go:314.18,316.5 1 0
github.com/ably/ably-go/ably/proto/message.go:318.18,320.5 1 0
github.com/ably/ably-go/ably/proto/message.go:324.18,326.5 1 0
github.com/ably/ably-go/ably/proto/message.go:330.18,332.5 1 0
github.com/ably/ably-go/ably/proto/message.go:334.53,336.5 1 0
github.com/ably/ably-go/ably/proto/message.go:340.49,342.19 2 1
github.com/ably/ably-go/ably/proto/message.go:345.5,345.15 1 1
github.com/ably/ably-go/ably/proto/message.go:346.12,347.62 1 0
github.com/ably/ably-go/ably/proto/message.go:342.19,344.6 1 0
github.com/ably/ably-go/ably/proto/message.go:379.36,384.25 5 0
github.com/ably/ably-go/ably/proto/message.go:387.2,387.13 1 0
github.com/ably/ably-go/ably/proto/message.go:384.25,386.3 1 0
github.com/ably/ably-go/ably/proto/message.go:390.47,391.13 1 1
github.com/ably/ably-go/ably/proto/message.go:394.2,394.20 1 1
github.com/ably/ably-go/ably/proto/message.go:391.13,393.3 1 1
github.com/ably/ably-go/ably/proto/message.go:398.58,399.19 1 1
github.com/ably/ably-go/ably/proto/message.go:402.2,403.45 2 1
github.com/ably/ably-go/ably/proto/message.go:406.2,408.38 3 1
github.com/ably/ably-go/ably/proto/message.go:411.2,411.15 1 1
github.com/ably/ably-go/ably/proto/message.go:399.19,401.3 1 0
github.com/ably/ably-go/ably/proto/message.go:403.45,405.3 1 1
github.com/ably/ably-go/ably/proto/message.go:408.38,410.3 1 1
github.com/ably/ably-go/ably/proto/message.go:415.60,416.19 1 1
github.com/ably/ably-go/ably/proto/message.go:419.2,419.47 1 1
github.com/ably/ably-go/ably/proto/message.go:422.2,423.38 2 1
github.com/ably/ably-go/ably/proto/message.go:428.2,428.44 1 1
github.com/ably/ably-go/ably/proto/message.go:433.2,433.37 1 1
github.com/ably/ably-go/ably/proto/message.go:416.19,418.3 1 0
github.com/ably/ably-go/ably/proto/message.go:419.47,421.3 1 1
github.com/ably/ably-go/ably/proto/message.go:423.38,426.3 1 0
github.com/ably/ably-go/ably/proto/message.go:428.44,429.24 1 1
github.com/ably/ably-go/ably/proto/message.go:429.24,431.4 1 0
github.com/ably/ably-go/ably/proto/presence_message.go:24.56,26.16 2 0
github.com/ably/ably-go/ably/proto/presence_message.go:29.2,31.26 3 0
github.com/ably/ably-go/ably/proto/presence_message.go:26.16,28.3 1 0
github.com/ably/ably-go/ably/proto/presence_message.go:34.66,36.16 2 0
github.com/ably/ably-go/ably/proto/presence_message.go:39.2,41.25 3 0
github.com/ably/ably-go/ably/proto/presence_message.go:36.16,37.13 1 0
github.com/ably/ably-go/ably/proto/presence_message.go:45.67,48.39 3 0
github.com/ably/ably-go/ably/proto/presence_message.go:48.39,49.13 1 0
github.com/ably/ably-go/ably/proto/presence_message.go:53.69,54.47 1 0
github.com/ably/ably-go/ably/proto/presence_message.go:57.2,57.32 1 0
github.com/ably/ably-go/ably/proto/presence_message.go:60.2,60.12 1 0
github.com/ably/ably-go/ably/proto/presence_message.go:54.47,56.3 1 0
github.com/ably/ably-go/ably/proto/presence_message.go:57.32,59.3 1 0
github.com/ably/ably-go/ably/proto/protocol_message.go:12.35,14.2 1 0
github.com/ably/ably-go/ably/proto/protocol_message.go:44.45,45.20 1 0
github.com/ably/ably-go/ably/proto/protocol_message.go:46.23,47.48 1 0
github.com/ably/ably-go/ably/proto/protocol_message.go:48.29,49.95 1 0
github.com/ably/ably-go/ably/proto/protocol_message.go:50.21,51.48 1 0
github.com/ably/ably-go/ably/proto/protocol_message.go:52.23,53.110 1 0
github.com/ably/ably-go/ably/proto/protocol_message.go:54.24,55.48 1 0
github.com/ably/ably-go/ably/proto/protocol_message.go:56.26,57.48 1 0
github.com/ably/ably-go/ably/proto/protocol_message.go:58.19,59.48 1 0
github.com/ably/ably-go/ably/proto/protocol_message.go:60.20,61.48 1 0
github.com/ably/ably-go/ably/proto/protocol_message.go:62.19,63.71 1 0
github.com/ably/ably-go/ably/proto/protocol_message.go:64.20,65.73 1 0
github.com/ably/ably-go/ably/proto/protocol_message.go:66.22,68.58 1 0
github.com/ably/ably-go/ably/proto/protocol_message.go:69.20,70.73 1 0
github.com/ably/ably-go/ably/proto/protocol_message.go:71.22,72.73 1 0
github.com/ably/ably-go/ably/proto/protocol_message.go:73.34,75.75 1 0
github.com/ably/ably-go/ably/proto/protocol_message.go:76.21,78.35 1 0
github.com/ably/ably-go/ably/proto/protocol_message.go:79.10,80.34 1 0
github.com/ably/ably-go/ably/proto/stat.go:21.64,23.2 1 0
github.com/ably/ably-go/ably/proto/action.go:45.33,47.2 1 0
github.com/ably/ably-go/ably/proto/crypto.go:19.42,20.11 1 1
github.com/ably/ably-go/ably/proto/crypto.go:21.11,22.15 1 1
github.com/ably/ably-go/ably/proto/crypto.go:23.10,24.12 1 0
github.com/ably/ably-go/ably/proto/crypto.go:36.37,37.11 1 0
github.com/ably/ably-go/ably/proto/crypto.go:38.11,39.15 1 0
github.com/ably/ably-go/ably/proto/crypto.go:40.10,41.12 1 0
github.com/ably/ably-go/ably/proto/crypto.go:82.61,83.21 1 1
github.com/ably/ably-go/ably/proto/crypto.go:86.2,86.28 1 1
github.com/ably/ably-go/ably/proto/crypto.go:83.21,85.3 1 1
github.com/ably/ably-go/ably/proto/crypto.go:87.11,89.17 2 1
github.com/ably/ably-go/ably/proto/crypto.go:92.3,93.21 2 1
github.com/ably/ably-go/ably/proto/crypto.go:94.10,95.53 1 0
github.com/ably/ably-go/ably/proto/crypto.go:89.17,91.4 1 0
github.com/ably/ably-go/ably/proto/crypto.go:115.58,116.27 1 1
github.com/ably/ably-go/ably/proto/crypto.go:119.2,119.40 1 1
github.com/ably/ably-go/ably/proto/crypto.go:122.2,126.8 2 1
github.com/ably/ably-go/ably/proto/crypto.go:116.27,118.3 1 0
github.com/ably/ably-go/ably/proto/crypto.go:119.40,121.3 1 0
github.com/ably/ably-go/ably/proto/crypto.go:131.51,136.59 3 0
github.com/ably/ably-go/ably/proto/crypto.go:139.2,141.58 3 0
github.com/ably/ably-go/ably/proto/crypto.go:144.2,144.15 1 0
github.com/ably/ably-go/ably/proto/crypto.go:136.59,138.3 1 0
github.com/ably/ably-go/ably/proto/crypto.go:141.58,143.3 1 0
github.com/ably/ably-go/ably/proto/crypto.go:148.63,150.16 2 1
github.com/ably/ably-go/ably/proto/crypto.go:156.2,156.64 1 1
github.com/ably/ably-go/ably/proto/crypto.go:163.2,164.15 2 1
github.com/ably/ably-go/ably/proto/crypto.go:170.2,173.17 4 1
github.com/ably/ably-go/ably/proto/crypto.go:150.16,152.3 1 0
github.com/ably/ably-go/ably/proto/crypto.go:156.64,158.17 2 1
github.com/ably/ably-go/ably/proto/crypto.go:161.3,161.19 1 1
github.com/ably/ably-go/ably/proto/crypto.go:158.17,160.4 1 0
github.com/ably/ably-go/ably/proto/crypto.go:164.15,166.56 2 0
github.com/ably/ably-go/ably/proto/crypto.go:166.56,168.4 1 0
github.com/ably/ably-go/ably/proto/crypto.go:178.64,180.16 2 1
github.com/ably/ably-go/ably/proto/crypto.go:183.2,183.40 1 1
github.com/ably/ably-go/ably/proto/crypto.go:186.2,191.16 6 1
github.com/ably/ably-go/ably/proto/crypto.go:194.2,194.17 1 1
github.com/ably/ably-go/ably/proto/crypto.go:180.16,182.3 1 0
github.com/ably/ably-go/ably/proto/crypto.go:183.40,185.3 1 0
github.com/ably/ably-go/ably/proto/crypto.go:191.16,193.3 1 0
github.com/ably/ably-go/ably/proto/crypto.go:198.43,200.2 1 1
